[2025-08-30T08:58:35.290+0000] {local_task_job_runner.py:120} INFO - ::group::Pre task execution logs
[2025-08-30T08:58:35.328+0000] {taskinstance.py:2076} INFO - Dependencies all met for dep_context=non-requeueable deps ti=<TaskInstance: example_hello_world.say_hello manual__2025-08-30T08:58:34.163274+00:00 [queued]>
[2025-08-30T08:58:35.339+0000] {taskinstance.py:2076} INFO - Dependencies all met for dep_context=requeueable deps ti=<TaskInstance: example_hello_world.say_hello manual__2025-08-30T08:58:34.163274+00:00 [queued]>
[2025-08-30T08:58:35.340+0000] {taskinstance.py:2306} INFO - Starting attempt 1 of 1
[2025-08-30T08:58:35.362+0000] {taskinstance.py:2330} INFO - Executing <Task(BashOperator): say_hello> on 2025-08-30 08:58:34.163274+00:00
[2025-08-30T08:58:35.376+0000] {standard_task_runner.py:90} INFO - Running: ['***', 'tasks', 'run', 'example_hello_world', 'say_hello', 'manual__2025-08-30T08:58:34.163274+00:00', '--job-id', '3', '--raw', '--subdir', 'DAGS_FOLDER/example_dag.py', '--cfg-path', '/tmp/tmplcp1hlzo']
[2025-08-30T08:58:35.378+0000] {logging_mixin.py:188} WARNING - /home/***/.local/lib/python3.12/site-packages/***/task/task_runner/standard_task_runner.py:61 DeprecationWarning: This process (pid=181) is multi-threaded, use of fork() may lead to deadlocks in the child.
[2025-08-30T08:58:35.379+0000] {standard_task_runner.py:91} INFO - Job 3: Subtask say_hello
[2025-08-30T08:58:35.380+0000] {standard_task_runner.py:63} INFO - Started process 182 to run task
[2025-08-30T08:58:35.456+0000] {task_command.py:426} INFO - Running <TaskInstance: example_hello_world.say_hello manual__2025-08-30T08:58:34.163274+00:00 [running]> on host a82f0466da38
[2025-08-30T08:58:35.576+0000] {taskinstance.py:2648} INFO - Exporting env vars: AIRFLOW_CTX_DAG_OWNER='***' AIRFLOW_CTX_DAG_ID='example_hello_world' AIRFLOW_CTX_TASK_ID='say_hello' AIRFLOW_CTX_EXECUTION_DATE='2025-08-30T08:58:34.163274+00:00' AIRFLOW_CTX_TRY_NUMBER='1' AIRFLOW_CTX_DAG_RUN_ID='manual__2025-08-30T08:58:34.163274+00:00'
[2025-08-30T08:58:35.578+0000] {taskinstance.py:430} INFO - ::endgroup::
[2025-08-30T08:58:35.592+0000] {subprocess.py:63} INFO - Tmp dir root location: /tmp
[2025-08-30T08:58:35.596+0000] {subprocess.py:75} INFO - Running command: ['/usr/bin/bash', '-c', "echo 'Hello from Airflow & PostgreSQL!'"]
[2025-08-30T08:58:35.605+0000] {subprocess.py:86} INFO - Output:
[2025-08-30T08:58:35.607+0000] {subprocess.py:93} INFO - Hello from Airflow & PostgreSQL!
[2025-08-30T08:58:35.608+0000] {subprocess.py:97} INFO - Command exited with return code 0
[2025-08-30T08:58:35.609+0000] {taskinstance.py:441} INFO - ::group::Post task execution logs
[2025-08-30T08:58:35.645+0000] {taskinstance.py:1206} INFO - Marking task as SUCCESS. dag_id=example_hello_world, task_id=say_hello, run_id=manual__2025-08-30T08:58:34.163274+00:00, execution_date=20250830T085834, start_date=20250830T085835, end_date=20250830T085835
[2025-08-30T08:58:35.684+0000] {local_task_job_runner.py:240} INFO - Task exited with return code 0
[2025-08-30T08:58:35.708+0000] {taskinstance.py:3503} INFO - 0 downstream tasks scheduled from follow-on schedule check
[2025-08-30T08:58:35.714+0000] {local_task_job_runner.py:222} INFO - ::endgroup::
