[2025-08-30T08:58:27.630+0000] {local_task_job_runner.py:120} INFO - ::group::Pre task execution logs
[2025-08-30T08:58:27.698+0000] {taskinstance.py:2076} INFO - Dependencies all met for dep_context=non-requeueable deps ti=<TaskInstance: example_hello_world.say_hello scheduled__2025-08-29T00:00:00+00:00 [queued]>
[2025-08-30T08:58:27.708+0000] {taskinstance.py:2076} INFO - Dependencies all met for dep_context=requeueable deps ti=<TaskInstance: example_hello_world.say_hello scheduled__2025-08-29T00:00:00+00:00 [queued]>
[2025-08-30T08:58:27.709+0000] {taskinstance.py:2306} INFO - Starting attempt 1 of 1
[2025-08-30T08:58:27.731+0000] {taskinstance.py:2330} INFO - Executing <Task(BashOperator): say_hello> on 2025-08-29 00:00:00+00:00
[2025-08-30T08:58:27.742+0000] {standard_task_runner.py:90} INFO - Running: ['***', 'tasks', 'run', 'example_hello_world', 'say_hello', 'scheduled__2025-08-29T00:00:00+00:00', '--job-id', '2', '--raw', '--subdir', 'DAGS_FOLDER/example_dag.py', '--cfg-path', '/tmp/tmp7u1l659s']
[2025-08-30T08:58:27.747+0000] {standard_task_runner.py:91} INFO - Job 2: Subtask say_hello
[2025-08-30T08:58:27.748+0000] {logging_mixin.py:188} WARNING - /home/***/.local/lib/python3.12/site-packages/***/task/task_runner/standard_task_runner.py:61 DeprecationWarning: This process (pid=173) is multi-threaded, use of fork() may lead to deadlocks in the child.
[2025-08-30T08:58:27.749+0000] {standard_task_runner.py:63} INFO - Started process 174 to run task
[2025-08-30T08:58:27.817+0000] {task_command.py:426} INFO - Running <TaskInstance: example_hello_world.say_hello scheduled__2025-08-29T00:00:00+00:00 [running]> on host a82f0466da38
[2025-08-30T08:58:27.961+0000] {taskinstance.py:2648} INFO - Exporting env vars: AIRFLOW_CTX_DAG_OWNER='***' AIRFLOW_CTX_DAG_ID='example_hello_world' AIRFLOW_CTX_TASK_ID='say_hello' AIRFLOW_CTX_EXECUTION_DATE='2025-08-29T00:00:00+00:00' AIRFLOW_CTX_TRY_NUMBER='1' AIRFLOW_CTX_DAG_RUN_ID='scheduled__2025-08-29T00:00:00+00:00'
[2025-08-30T08:58:27.962+0000] {taskinstance.py:430} INFO - ::endgroup::
[2025-08-30T08:58:28.036+0000] {subprocess.py:63} INFO - Tmp dir root location: /tmp
[2025-08-30T08:58:28.038+0000] {subprocess.py:75} INFO - Running command: ['/usr/bin/bash', '-c', "echo 'Hello from Airflow & PostgreSQL!'"]
[2025-08-30T08:58:28.052+0000] {subprocess.py:86} INFO - Output:
[2025-08-30T08:58:28.061+0000] {subprocess.py:93} INFO - Hello from Airflow & PostgreSQL!
[2025-08-30T08:58:28.062+0000] {subprocess.py:97} INFO - Command exited with return code 0
[2025-08-30T08:58:28.064+0000] {taskinstance.py:441} INFO - ::group::Post task execution logs
[2025-08-30T08:58:28.103+0000] {taskinstance.py:1206} INFO - Marking task as SUCCESS. dag_id=example_hello_world, task_id=say_hello, run_id=scheduled__2025-08-29T00:00:00+00:00, execution_date=20250829T000000, start_date=20250830T085827, end_date=20250830T085828
[2025-08-30T08:58:28.131+0000] {local_task_job_runner.py:240} INFO - Task exited with return code 0
[2025-08-30T08:58:28.160+0000] {taskinstance.py:3503} INFO - 0 downstream tasks scheduled from follow-on schedule check
[2025-08-30T08:58:28.168+0000] {local_task_job_runner.py:222} INFO - ::endgroup::
